<?xml version="1.0" encoding="UTF-8"?>
<robot generator="Robot 6.1.1 (Python 3.12.1 on win32)" generated="20240208 21:55:56.610" rpa="false" schemaversion="4">
<suite id="s1" name="testePatients" source="C:\Users\natan\OneDrive\Imagens\Documentos\testeCESLasic\suites\testePatients">
<suite id="s1-s1" name="testePatients" source="C:\Users\natan\OneDrive\Imagens\Documentos\testeCESLasic\suites\testePatients\testePatients.robot">
<test id="s1-s1-t1" name="TC01 - testando se o site abre corretamente" line="7">
<kw name="Dado que abra o site do CES na pagina patients" library="setups_teardowns" type="SETUP">
<kw name="Open Browser" library="SeleniumLibrary">
<arg>${geral.URL}</arg>
<arg>${geral.Browser}</arg>
<doc>Opens a new browser instance to the optional ``url``.</doc>
<msg timestamp="20240208 21:55:56.824" level="INFO">Opening browser 'chrome' to base url 'http://200.17.32.218:8007/patients/1'.</msg>
<msg timestamp="20240208 21:55:57.985" level="WARN">The chromedriver version (120.0.6099.109) detected in PATH at C:\Users\natan\AppData\Local\Programs\Python\Python312\Scripts\chromedriver.exe might not be compatible with the detected chrome version (121.0.6167.161); currently, chromedriver 121.0.6167.85 is recommended for chrome 121.*, so it is advised to delete the driver in PATH and retry</msg>
<status status="PASS" starttime="20240208 21:55:56.823" endtime="20240208 21:56:04.233"/>
</kw>
<kw name="Maximize Browser Window" library="SeleniumLibrary">
<doc>Maximizes current browser window.</doc>
<status status="PASS" starttime="20240208 21:56:04.233" endtime="20240208 21:56:04.426"/>
</kw>
<kw name="Wait Until Element Is Visible" library="SeleniumLibrary">
<arg>${patients_Page.H3_Paciente}</arg>
<arg>10s</arg>
<doc>Waits until the element ``locator`` is visible.</doc>
<status status="PASS" starttime="20240208 21:56:04.426" endtime="20240208 21:56:04.705"/>
</kw>
<status status="PASS" starttime="20240208 21:55:56.823" endtime="20240208 21:56:04.705"/>
</kw>
<kw name="Dado que clique no botao de expandir os dados clinicos do paciente" library="patients_Page">
<kw name="Wait Until Element Is Visible" library="SeleniumLibrary">
<arg>${patients_Page.Div_Expand_Wrapper}</arg>
<arg>10s</arg>
<doc>Waits until the element ``locator`` is visible.</doc>
<status status="PASS" starttime="20240208 21:56:04.706" endtime="20240208 21:56:04.952"/>
</kw>
<kw name="Click Element" library="SeleniumLibrary">
<arg>${patients_Page.Div_Expand_Wrapper}</arg>
<doc>Click the element identified by ``locator``.</doc>
<msg timestamp="20240208 21:56:04.952" level="INFO">Clicking element '(//div[@class="MuiAccordionSummary-expandIconWrapper css-yw020d-MuiAccordionSummary-expandIconWrapper"])[1]'.</msg>
<status status="PASS" starttime="20240208 21:56:04.952" endtime="20240208 21:56:05.091"/>
</kw>
<kw name="Element Should Be Visible" library="SeleniumLibrary">
<arg>${patients_Page.P_Multitable_Pagination}</arg>
<arg>10s</arg>
<doc>Verifies that the element identified by ``locator`` is visible.</doc>
<msg timestamp="20240208 21:56:05.309" level="INFO">Element '(//p[@class="MuiTablePagination-displayedRows css-levciy-MuiTablePagination-displayedRows"])[1]' is displayed.</msg>
<status status="PASS" starttime="20240208 21:56:05.091" endtime="20240208 21:56:05.309"/>
</kw>
<status status="PASS" starttime="20240208 21:56:04.705" endtime="20240208 21:56:05.309"/>
</kw>
<kw name="Fechar navegador" library="setups_teardowns" type="TEARDOWN">
<kw name="Close Browser" library="SeleniumLibrary">
<doc>Closes the current browser.</doc>
<status status="PASS" starttime="20240208 21:56:05.309" endtime="20240208 21:56:07.898"/>
</kw>
<status status="PASS" starttime="20240208 21:56:05.309" endtime="20240208 21:56:07.898"/>
</kw>
<status status="PASS" starttime="20240208 21:55:56.808" endtime="20240208 21:56:07.898"/>
</test>
<status status="PASS" starttime="20240208 21:55:56.627" endtime="20240208 21:56:07.900"/>
</suite>
<status status="PASS" starttime="20240208 21:55:56.615" endtime="20240208 21:56:07.900"/>
</suite>
<statistics>
<total>
<stat pass="1" fail="0" skip="0">All Tests</stat>
</total>
<tag>
</tag>
<suite>
<stat pass="1" fail="0" skip="0" id="s1" name="testePatients">testePatients</stat>
<stat pass="1" fail="0" skip="0" id="s1-s1" name="testePatients">testePatients.testePatients</stat>
</suite>
</statistics>
<errors>
<msg timestamp="20240208 21:55:57.985" level="WARN">The chromedriver version (120.0.6099.109) detected in PATH at C:\Users\natan\AppData\Local\Programs\Python\Python312\Scripts\chromedriver.exe might not be compatible with the detected chrome version (121.0.6167.161); currently, chromedriver 121.0.6167.85 is recommended for chrome 121.*, so it is advised to delete the driver in PATH and retry</msg>
</errors>
</robot>
